eeschema (2011-03-23 BZR 2918)-stable  >> Creation date: 8/25/2011 3:57:58 PM

#Cmp ( order = Reference )
| BT1        CR2032      
| C1         0.1uF       
| C2         0.1uF       
| C3         0.1uF       
| C4         0.1uF       
| C5         0.1uF       
| C6         0.1uF       
| C7         0.1uF       
| C8         0.1uF       
| C9         0.1uF       
| C10        0.1uF       
| C11        0.1uF       
| C12        0.1uF       
| C13        0.1uF       
| C14        0.1uF       
| C15        0.1uF       
| C16        0.1uF       
| C17        0.1uF       
| C18        0.1uF       
| C19        0.1uF       
| C20        0.1uF       
| C21        0.1uF       
| C22        0.1uF       
| C23        0.1uF       
| C24        0.1uF       
| C25        0.1uF       
| C26        0.1uF       
| C27        0.1uF       
| C28        0.1uF       
| C29        47uF        
| C30        10uF        
| D1         1N4148      
| D2         PWR         
| D3         HALT        
| HOLE1      CONN_1      
| HOLE2      CONN_1      
| HOLE3      CONN_1      
| HOLE4      CONN_1      
| JP1        CONFIG      
| JP2        PIN25 GND/VCC
| JP3        FDC INT/NMI 
| P1         POWER       
| P2         RESET       
| P3         SERIAL      
| P4         PARALLEL    
| P5         FLOPPY      
| P6         5V          
| R1         10          
| R2         10k         
| R3         470         
| R4         470         
| RR1        4.7k        
| RR2        1k          
| SW1        RESET       
| U1         Z80-CPU     
| U2         29F040      
| U3         AS6C4008    
| U4         16550       
| U5         8255        
| U6         FDC9266     
| U7         74LS273     
| U8         74LS240     
| U9         74LS174     
| U10        74LS174     
| U11        74LS174     
| U12        74F139      
| U13        74LS138     
| U14        74LS125     
| U15        74LS32      
| U16        74LS32      
| U17        74LS32      
| U18        74LS14      
| U19        74LS14      
| U20        74LS06      
| U21        4MHz        
| U22        1.8432MHz   
| U23        8MHz        
| U24        MAX232A     
| U25        DS1302      
| U26        DS1210      
| X1         32768Hz     
#End Cmp

#Cmp ( order = Value )
| 0.1uF        C1        
| 0.1uF        C2        
| 0.1uF        C3        
| 0.1uF        C4        
| 0.1uF        C5        
| 0.1uF        C6        
| 0.1uF        C7        
| 0.1uF        C8        
| 0.1uF        C9        
| 0.1uF        C10       
| 0.1uF        C11       
| 0.1uF        C12       
| 0.1uF        C13       
| 0.1uF        C14       
| 0.1uF        C15       
| 0.1uF        C16       
| 0.1uF        C17       
| 0.1uF        C18       
| 0.1uF        C19       
| 0.1uF        C20       
| 0.1uF        C21       
| 0.1uF        C22       
| 0.1uF        C23       
| 0.1uF        C24       
| 0.1uF        C25       
| 0.1uF        C26       
| 0.1uF        C27       
| 0.1uF        C28       
| 1.8432MHz    U22       
| 10           R1        
| 10k          R2        
| 10uF         C30       
| 16550        U4        
| 1k           RR2       
| 1N4148       D1        
| 29F040       U2        
| 32768Hz      X1        
| 4.7k         RR1       
| 470          R3        
| 470          R4        
| 47uF         C29       
| 4MHz         U21       
| 5V           P6        
| 74F139       U12       
| 74LS06       U20       
| 74LS125      U14       
| 74LS138      U13       
| 74LS14       U18       
| 74LS14       U19       
| 74LS174      U9        
| 74LS174      U10       
| 74LS174      U11       
| 74LS240      U8        
| 74LS273      U7        
| 74LS32       U15       
| 74LS32       U16       
| 74LS32       U17       
| 8255         U5        
| 8MHz         U23       
| AS6C4008     U3        
| CONFIG       JP1       
| CONN_1       HOLE1     
| CONN_1       HOLE2     
| CONN_1       HOLE3     
| CONN_1       HOLE4     
| CR2032       BT1       
| DS1210       U26       
| DS1302       U25       
| FDC INT/NMI  JP3       
| FDC9266      U6        
| FLOPPY       P5        
| HALT         D3        
| MAX232A      U24       
| PARALLEL     P4        
| PIN25 GND/VCC JP2       
| POWER        P1        
| PWR          D2        
| RESET        P2        
| RESET        SW1       
| SERIAL       P3        
| Z80-CPU      U1        
#End Cmp

#End List
